<?xml version="1.0" encoding="UTF-8"?>
<testng-results skipped="0" failed="0" ignored="1" total="2" passed="1">
  <reporter-output>
  </reporter-output>
  <suite name="Default suite" duration-ms="40" started-at="2021-04-22T07:59:03 GMT" finished-at="2021-04-22T07:59:03 GMT">
    <groups>
    </groups>
    <test name="Default test" duration-ms="40" started-at="2021-04-22T07:59:03 GMT" finished-at="2021-04-22T07:59:03 GMT">
      <class name="TestingNG.TestingNGDemo">
        <test-method status="PASS" signature="mapTest()[pri:1, instance:TestingNG.TestingNGDemo@731a74c]" name="mapTest" duration-ms="8" started-at="2021-04-22T07:59:03 GMT" finished-at="2021-04-22T07:59:03 GMT">
          <reporter-output>
          </reporter-output>
        </test-method> <!-- mapTest -->
      </class> <!-- TestingNG.TestingNGDemo -->
    </test> <!-- Default test -->
  </suite> <!-- Default suite -->
</testng-results>
